<?xml version="1.0" encoding="UTF-8"?>
<testsuite xmlns:xsi="http://www.w3.org/2001/XMLSchema-instance" xsi:noNamespaceSchemaLocation="https://maven.apache.org/surefire/maven-surefire-plugin/xsd/surefire-test-report-3.0.xsd" version="3.0" name="TodolyApiTest" time="13.697" tests="8" errors="0" skipped="0" failures="1">
  <properties>
[...]
</properties>
  <testcase name="createUser" classname="TodolyApiTest" time="4.178">
    <system-out><![CDATA[===== POST =====
HTTP/1.1 200 OK
Cache-Control: no-cache, no-store, must-revalidate
Pragma: no-cache
Content-Type: application/json; charset=utf-8
Expires: -1
Server: Microsoft-IIS/8.0
Set-Cookie: ASP.NET_SessionId=4tscfyjrb4tka1sa1j0purlj; path=/; HttpOnly; SameSite=Lax
X-AspNetMvc-Version: 2.0
X-AspNet-Version: 4.0.30319
X-Powered-By: ASP.NET
Date: Tue, 31 Jan 2023 18:59:05 GMT
Content-Length: 290

{
    "Id": 718180,
    "Email": "C8Dm3@gmail.com",
    "Password": null,
    "FullName": "Enzo Lakes",
    "TimeZone": 0,
    "IsProUser": false,
    "DefaultProjectId": 4068383,
    "AddItemMoreExpanded": false,
    "EditDueDateMoreExpanded": false,
    "ListSortType": 0,
    "FirstDayOfWeek": 0,
    "NewTaskDueDate": -1,
    "TimeZoneId": "Pacific Standard Time"
}
=================

]]></system-out>
  </testcase>
  <testcase name="getUser" classname="TodolyApiTest" time="1.397">
    <system-out><![CDATA[===== GET =====
HTTP/1.1 200 OK
Cache-Control: no-cache, no-store, must-revalidate
Pragma: no-cache
Content-Type: application/json; charset=utf-8
Expires: -1
Server: Microsoft-IIS/8.0
Set-Cookie: ASP.NET_SessionId=5ne3efpxkyprfowb2x3hysyw; path=/; HttpOnly; SameSite=Lax
X-AspNetMvc-Version: 2.0
X-AspNet-Version: 4.0.30319
X-Powered-By: ASP.NET
Date: Tue, 31 Jan 2023 18:59:08 GMT
Content-Length: 290

{
    "Id": 718180,
    "Email": "C8Dm3@gmail.com",
    "Password": null,
    "FullName": "Enzo Lakes",
    "TimeZone": 0,
    "IsProUser": false,
    "DefaultProjectId": 4068383,
    "AddItemMoreExpanded": false,
    "EditDueDateMoreExpanded": false,
    "ListSortType": 0,
    "FirstDayOfWeek": 0,
    "NewTaskDueDate": -1,
    "TimeZoneId": "Pacific Standard Time"
}
=================

]]></system-out>
  </testcase>
  <testcase name="getUserFail" classname="TodolyApiTest" time="1.316">
    <failure type="java.lang.AssertionError"><![CDATA[java.lang.AssertionError: 
1 expectation failed.
JSON path $ doesn't match.
Expected: not map containing ["ErrorCode"->ANYTHING]
  Actual: <{ErrorMessage=Not Authenticated, ErrorCode=102}>

	at TodolyApiTest.getUserFail(TodolyApiTest.java:88)
]]></failure>
    <system-out><![CDATA[===== GET =====
]]></system-out>
  </testcase>
  <testcase name="createProject" classname="TodolyApiTest" time="1.31">
    <system-out><![CDATA[===== POST =====
HTTP/1.1 200 OK
Cache-Control: no-cache, no-store, must-revalidate
Pragma: no-cache
Content-Type: application/json; charset=utf-8
Expires: -1
Server: Microsoft-IIS/8.0
Set-Cookie: ASP.NET_SessionId=55xxknac5yi1b2jxzrepdemx; path=/; HttpOnly; SameSite=Lax
X-AspNetMvc-Version: 2.0
X-AspNet-Version: 4.0.30319
X-Powered-By: ASP.NET
Date: Tue, 31 Jan 2023 18:59:11 GMT
Content-Length: 395

{
    "Id": 4068389,
    "Content": "TestC0D",
    "ItemsCount": 0,
    "Icon": 0,
    "ItemType": 2,
    "ParentId": null,
    "Collapsed": false,
    "ItemOrder": 6,
    "Children": [
        
    ],
    "IsProjectShared": false,
    "ProjectShareOwnerName": null,
    "ProjectShareOwnerEmail": null,
    "IsShareApproved": false,
    "IsOwnProject": true,
    "LastSyncedDateTime": "/Date(1675191551106)/",
    "LastUpdatedDate": "/Date(1675191551090)/",
    "Deleted": false,
    "SyncClientCreationId": null
}
]]></system-out>
  </testcase>
  <testcase name="getProjectById" classname="TodolyApiTest" time="1.297">
    <system-out><![CDATA[===== GET =====
HTTP/1.1 200 OK
Cache-Control: no-cache, no-store, must-revalidate
Pragma: no-cache
Content-Type: application/json; charset=utf-8
Expires: -1
Server: Microsoft-IIS/8.0
Set-Cookie: ASP.NET_SessionId=wlxhtqzjbbulawyyxtdrj5z0; path=/; HttpOnly; SameSite=Lax
X-AspNetMvc-Version: 2.0
X-AspNet-Version: 4.0.30319
X-Powered-By: ASP.NET
Date: Tue, 31 Jan 2023 18:59:12 GMT
Content-Length: 395

{
    "Id": 4068389,
    "Content": "TestC0D",
    "ItemsCount": 0,
    "Icon": 0,
    "ItemType": 2,
    "ParentId": null,
    "Collapsed": false,
    "ItemOrder": 6,
    "Children": [
        
    ],
    "IsProjectShared": false,
    "ProjectShareOwnerName": null,
    "ProjectShareOwnerEmail": null,
    "IsShareApproved": false,
    "IsOwnProject": true,
    "LastSyncedDateTime": "/Date(1675191552401)/",
    "LastUpdatedDate": "/Date(1675191551090)/",
    "Deleted": false,
    "SyncClientCreationId": null
}
]]></system-out>
  </testcase>
  <testcase name="createIteminAProject" classname="TodolyApiTest" time="1.395">
    <system-out><![CDATA[===== POST =====
HTTP/1.1 200 OK
Cache-Control: no-cache, no-store, must-revalidate
Pragma: no-cache
Content-Type: application/json; charset=utf-8
Expires: -1
Server: Microsoft-IIS/8.0
Set-Cookie: ASP.NET_SessionId=3jvwuxgfbebhh43unevg4lba; path=/; HttpOnly; SameSite=Lax
X-AspNetMvc-Version: 2.0
X-AspNet-Version: 4.0.30319
X-Powered-By: ASP.NET
Date: Tue, 31 Jan 2023 18:59:13 GMT
Content-Length: 527

{
    "Id": 11115039,
    "Content": "Itemdf",
    "ItemType": 1,
    "Checked": false,
    "ProjectId": 4068389,
    "ParentId": null,
    "Path": "",
    "Collapsed": false,
    "DateString": null,
    "DateStringPriority": 0,
    "DueDate": "",
    "Recurrence": null,
    "ItemOrder": 1,
    "Priority": 4,
    "LastSyncedDateTime": "/Date(1675191553742)/",
    "Children": [
        
    ],
    "DueDateTime": null,
    "CreatedDate": "/Date(1675191553727)/",
    "LastCheckedDate": null,
    "LastUpdatedDate": "/Date(1675191553727)/",
    "Deleted": false,
    "Notes": "",
    "InHistory": false,
    "SyncClientCreationId": null,
    "DueTimeSpecified": true,
    "OwnerId": 718180
}
]]></system-out>
  </testcase>
  <testcase name="updateItemById" classname="TodolyApiTest" time="1.356">
    <system-out><![CDATA[===== PUT =====
HTTP/1.1 200 OK
Cache-Control: no-cache, no-store, must-revalidate
Pragma: no-cache
Content-Type: application/json; charset=utf-8
Expires: -1
Server: Microsoft-IIS/8.0
Set-Cookie: ASP.NET_SessionId=5ab1ia1khugef4hx0p40hcnh; path=/; HttpOnly; SameSite=Lax
X-AspNetMvc-Version: 2.0
X-AspNet-Version: 4.0.30319
X-Powered-By: ASP.NET
Date: Tue, 31 Jan 2023 18:59:15 GMT
Content-Length: 535

{
    "Id": 11115039,
    "Content": "contentChanged",
    "ItemType": 1,
    "Checked": false,
    "ProjectId": 4068389,
    "ParentId": null,
    "Path": "",
    "Collapsed": false,
    "DateString": null,
    "DateStringPriority": 0,
    "DueDate": "",
    "Recurrence": null,
    "ItemOrder": 1,
    "Priority": 3,
    "LastSyncedDateTime": "/Date(1675191555131)/",
    "Children": [
        
    ],
    "DueDateTime": null,
    "CreatedDate": "/Date(1675191553727)/",
    "LastCheckedDate": null,
    "LastUpdatedDate": "/Date(1675191555117)/",
    "Deleted": false,
    "Notes": "",
    "InHistory": false,
    "SyncClientCreationId": null,
    "DueTimeSpecified": true,
    "OwnerId": 718180
}
]]></system-out>
  </testcase>
  <testcase name="deleteItemByid" classname="TodolyApiTest" time="1.347">
    <system-out><![CDATA[===== DELETE =====
HTTP/1.1 200 OK
Cache-Control: no-cache, no-store, must-revalidate
Pragma: no-cache
Content-Type: application/json; charset=utf-8
Expires: -1
Server: Microsoft-IIS/8.0
Set-Cookie: ASP.NET_SessionId=saf2s4z5ubs0bq1uql254ldq; path=/; HttpOnly; SameSite=Lax
X-AspNetMvc-Version: 2.0
X-AspNet-Version: 4.0.30319
X-Powered-By: ASP.NET
Date: Tue, 31 Jan 2023 18:59:16 GMT
Content-Length: 534

{
    "Id": 11115039,
    "Content": "contentChanged",
    "ItemType": 1,
    "Checked": false,
    "ProjectId": 4068389,
    "ParentId": null,
    "Path": "",
    "Collapsed": false,
    "DateString": null,
    "DateStringPriority": 0,
    "DueDate": "",
    "Recurrence": null,
    "ItemOrder": 1,
    "Priority": 3,
    "LastSyncedDateTime": "/Date(1675191556488)/",
    "Children": [
        
    ],
    "DueDateTime": null,
    "CreatedDate": "/Date(1675191553727)/",
    "LastCheckedDate": null,
    "LastUpdatedDate": "/Date(1675191556490)/",
    "Deleted": true,
    "Notes": "",
    "InHistory": false,
    "SyncClientCreationId": null,
    "DueTimeSpecified": true,
    "OwnerId": 718180
}
]]></system-out>
  </testcase>
</testsuite>